2026-03-08 13:03:19,286 | INFO | ============================================================
2026-03-08 13:03:19,286 | INFO | START — Mallorca Market Monitor
2026-03-08 13:03:19,962 | INFO | ✓ Loaded 18789 existing URLs from Gesamtliste
2026-03-08 13:03:19,962 | INFO | [1] Balearic Properties...
2026-03-08 13:03:22,761 | INFO |   → 4 neu
2026-03-08 13:03:22,762 | INFO | [2] Living Blue...
2026-03-08 13:03:23,666 | INFO |   → 0 neu
2026-03-08 13:03:23,667 | INFO | [3] Engel & Völkers...
2026-03-08 13:04:31,097 | INFO |   → 2 neu
2026-03-08 13:04:31,100 | INFO | [4] Kyero...
2026-03-08 13:04:31,377 | INFO |   → 0 neu
2026-03-08 13:04:31,379 | INFO | [5] Luxury Estates...
2026-03-08 13:05:02,254 | INFO |   → 1 neu
2026-03-08 13:05:02,257 | INFO | [6] Idealista (Apify)...
2026-03-08 13:05:02,815 | INFO |   → 0 neu
2026-03-08 13:05:02,816 | INFO | 
============================================================
2026-03-08 13:05:02,816 | INFO | GESAMT: 7 neue Objekte
2026-03-08 13:05:02,817 | INFO | Saved: /Users/robin/.openclaw/workspace/mallorca-projekt/monitor_results.json
2026-03-08 13:05:02,817 | INFO | END — DRY-RUN
2026-03-08 13:05:02,817 | INFO | ============================================================
2026-03-21 09:32:58,446 | INFO | ============================================================
2026-03-21 09:32:58,447 | INFO | START — Mallorca Market Monitor
2026-03-21 09:32:59,180 | INFO | ✓ Loaded 18789 existing URLs from Gesamtliste
2026-03-21 09:32:59,180 | INFO | [1] Balearic Properties...
2026-03-21 09:33:02,063 | INFO |   → 7 neu
2026-03-21 09:33:02,064 | INFO | [2] Living Blue...
2026-03-21 09:33:02,595 | INFO |   → 0 neu
2026-03-21 09:33:02,597 | INFO | [3] Engel & Völkers...
2026-03-21 09:35:19,097 | INFO |   → 3 neu
2026-03-21 09:35:19,099 | INFO | [4] Kyero...
2026-03-21 09:35:19,759 | INFO |   → 0 neu
2026-03-21 09:35:19,762 | INFO | [5] Luxury Estates...
2026-03-21 09:35:51,218 | INFO |   → 1 neu
2026-03-21 09:35:51,221 | INFO | [6] Idealista (Apify)...
2026-03-21 09:35:52,153 | INFO |   → 0 neu
2026-03-21 09:35:52,155 | INFO | 
============================================================
2026-03-21 09:35:52,155 | INFO | GESAMT: 11 neue Objekte
2026-03-21 09:35:52,157 | INFO | Saved: /Users/robin/.openclaw/workspace/mallorca-projekt/monitor_results.json
2026-03-21 09:35:52,157 | INFO | END — DRY-RUN
2026-03-21 09:35:52,157 | INFO | ============================================================
