Loaded Excel: 14343 existing URLs

=== The Agency RE Mallorca ===
Page 1: 200 | 252255 chars
Total pages: 38
  Page 2/38: +0 (total 0)
  Page 3/38: +0 (total 0)
  Page 4/38: +0 (total 0)
  Page 5/38: +0 (total 0)
  Page 6/38: +0 (total 0)
  Page 7/38: +0 (total 0)
  Page 8/38: +0 (total 0)
  Page 9/38: +0 (total 0)
  Page 10/38: +0 (total 0)
  Page 11/38: +0 (total 0)
  Page 12/38: +0 (total 0)
  Page 13/38: +0 (total 0)
  Page 14/38: +0 (total 0)
  Page 15/38: +0 (total 0)
  Page 16/38: +0 (total 0)
  Page 17/38: +0 (total 0)
  Page 18/38: +0 (total 0)
  Page 19/38: +0 (total 0)
  Page 20/38: +0 (total 0)
  Page 21/38: +0 (total 0)
  Page 22/38: +0 (total 0)
  Page 23/38: +0 (total 0)
  Page 24/38: +0 (total 0)
  Page 25/38: +0 (total 0)
  Page 26/38: +0 (total 0)
  Page 27/38: +0 (total 0)
  Page 28/38: +0 (total 0)
  Page 29/38: +0 (total 0)
  Page 30/38: +0 (total 0)
  Page 31/38: +0 (total 0)
  Page 32/38: +0 (total 0)
  Page 33/38: +0 (total 0)
  Page 34/38: +0 (total 0)
  Page 35/38: +0 (total 0)
  Page 36/38: +0 (total 0)
  Page 37/38: +0 (total 0)
  Page 38/38: +0 (total 0)
The Agency RE Mallorca: 0 new objects

=== Pollentia Properties ===
Total pages: 85
Page 1 (from /en/results): +0
  Page 5/85: +0 (total 0)
  Page 10/85: +0 (total 0)
  Page 15/85: +0 (total 0)
  Page 20/85: +0 (total 0)
  Page 25/85: +0 (total 0)
  Page 30/85: +0 (total 0)
  Page 35/85: +0 (total 0)
  Page 40/85: +0 (total 0)
  Page 45/85: +0 (total 0)
Pollentia Properties: 0 new objects

=== Mallorca Finest ===
SKIP: mallorcafinest.com SSL-Fehler (TLSV1_UNRECOGNIZED_NAME)
      mallorcasfinest.com = Lifestyle-Magazin, keine Immobilien

=== ERGEBNIS ===
  The Agency RE Mallorca: 0 Objekte
  Pollentia Properties: 0 Objekte
  Mallorca Finest: 0 Objekte
  Gesamt neu: 0
