Nr.  8 ❓ kein Bild | Sa Ràpita — Vision 1800; 5 Hektar warten
Nr. 16 🔄 BILD KORRIGIERT | HISTORIC STONE FINCA IN MALLORCA WITH PA
Nr. 24 ✅ | Unique and authentic country estate for 
Nr. 32 ✅ | Historic country estate for sale on a hu
Nr. 40 ✅ | Mediterranes Landhotel in Llucmajor (W-0
Nr. 48 ❓ kein Bild | Unique Estate for Sale in Bunyola
Nr. 64 ❓ kein Bild | Majestätisches Herrenhaus in der Natur v
Nr. 72 🔄 BILD KORRIGIERT | Landhaus mit Tennisplatz und Ferienvermi
Nr. 80 🔄 BILD KORRIGIERT | Perfekter Fincatraum in Es Capdella (W-0
Nr. 96 🔄 BILD KORRIGIERT | Spektakuläre Neubaufinca in Llucmajor (W
Nr.104 ❓ kein Bild | Kreativprojekt Sa Ràpita
Nr.112 🔄 BILD KORRIGIERT | Outstanding country property for sale in
Nr.120 🔄 BILD KORRIGIERT | Incredible country house for sale at the
Nr.128 🔄 BILD KORRIGIERT | Perfekte Harmonie: Traumhaftes Landhaus 
Nr.136 🔄 BILD KORRIGIERT | Erstklassige Neubau-Finca mit atemberaub
Nr.144 ❓ kein Bild | Neubau Landhaus in Campos - Bezugsbereit
Nr.152 ❓ kein Bild | Finca in Felanitx, Mallorca
Nr.160 ❓ kein Bild | Authentische Finca-Oase mit Olivenhain i
Nr.168 🔄 BILD KORRIGIERT | Moderne Neubauvilla mit 360° Blick – exk
Nr.176 🔄 BILD KORRIGIERT | Landhaus für Weinliebhaber (W-02SHPM)
Nr.184 🔄 BILD KORRIGIERT | Geschmackvolle Neubaufinca mit herrliche
Nr.192 ❓ kein Bild | Historisches Juwel mit Panoramablick in 
Nr.200 ❓ kein Bild | Design-Finca in der besten Lage von Sant
Nr.208 ✅ | Beeindruckende Finca mit ETV-Lizenz (W-0
Nr.216 ❓ kein Bild | Großzügiges Landhaus in Llucmajor - Idea
Nr.224 🔄 BILD KORRIGIERT | Private retreat with excellent facilies 
Nr.232 ✅ | Outstanding hilltop finca for sale in Sa
Nr.240 ❓ kein Bild | Modern Luxury Villa with Panoramic Views
Nr.256 🔄 BILD KORRIGIERT | Grosszügige Neubaufinca mit Tramuntanabl
Nr.264 🔄 BILD KORRIGIERT | Eine mediterrane Oase: Ihr privates Para
Nr.272 🔄 BILD KORRIGIERT | Newly built finca close to the sea in Se
Nr.280 ✅ | Luxus Neubauprojekt mit Traumblick (W-02
Nr.288 ❓ kein Bild | Hochwertiges Refugium in erhöhter Lage m
Nr.296 ❓ kein Bild | Großzügiges Neubau-Landhaus in fussläufi
Nr.304 ❓ kein Bild | Charmantes Landhaus mit Gästehaus, große
Nr.312 ❓ kein Bild | Renoviertes, historisches Landhaus mit M
Nr.320 🔄 BILD KORRIGIERT | Luxusvilla mit atemberaubendem Meerblick
Nr.328 ❓ kein Bild | Investitionsmöglichkeit mit Hotellizenz 

Batch 7: ✅6 🔄16 ❌0 von 41
