Nr.  3 ❓ kein Bild | Establiments — Charme-Refugium; altes St
Nr. 11 🔄 BILD KORRIGIERT | Moscari — Architekten-Traum; Design trif
Nr. 19 ✅ | Mallorquinisches Landhotel mit Agrarwirt
Nr. 27 ✅ | Grand manor house for sale, walking dist
Nr. 35 ✅ | Landgut zur Renovierung in Inca (W-02LZ0
Nr. 43 🔄 BILD KORRIGIERT | Historischer Landsitz mit alter Ölmühle,
Nr. 51 ✅ | Herrenhaus aus dem 13 Jahrhundert (W-02M
Nr. 59 ❓ kein Bild | Estate Sencelles
Nr. 75 🔄 BILD KORRIGIERT | Spektakuläres Luxusanwesen mit Parkanlag
Nr. 83 ❓ kein Bild | Traumhaftes Anwesen mit zwei Wohneinheit
Nr. 91 ❓ kein Bild | Country house in Andratx, Mallorca
Nr. 99 🔄 BILD KORRIGIERT | Grandioses Anwesen mit Hafenblick (W-02V
Nr.107 🔄 BILD KORRIGIERT | Exklusives Landhausprojekt in Binissalem
Nr.115 ✅ | Modernes Bauprojekt – Elegante Finca in 
Nr.123 🔄 BILD KORRIGIERT | Luxuriöses Landhaus in der Natur (W-02NM
Nr.131 ❓ kein Bild | Neubaufinca Ses Covetes - Nähe Es Trenc
Nr.139 🔄 BILD KORRIGIERT | Schöne Finca mit Ferienvermietungs-Erlau
Nr.147 ❓ kein Bild | Santa Maria unfertig
Nr.155 🔄 BILD KORRIGIERT | Stunning country estate for sale in a pi
Nr.163 🔗 kein URL
Nr.171 🔗 kein URL
Nr.179 🔄 BILD KORRIGIERT | Einzigartiges Anwesen in Selva: Ihr exkl
Nr.187 🔄 BILD KORRIGIERT | Spektakuläres Anwesen inmitten der Natur
Nr.195 ✅ | RENOVATED HOTEL IN NATURAL STONE WITH PO
Nr.203 ❓ kein Bild | Contemporary Moscari
Nr.211 🔄 BILD KORRIGIERT | Impressive country estate for sale in Sa
Nr.219 ❓ kein Bild | Modernisiertes Hotel in Natursteinoptik 
Nr.235 🔄 BILD KORRIGIERT | New development country home for sale in
Nr.243 🔄 BILD KORRIGIERT | Exklusive Neubau-Finca in privilegierter
Nr.251 🔄 BILD KORRIGIERT | Brand new finca for sale in the countrys
Nr.259 🔄 BILD KORRIGIERT | Newly built finca with panoramic mountai
Nr.267 ❓ kein Bild | Modernes Landhaus mit guter Anbindung - 
Nr.275 🔄 BILD KORRIGIERT | Bemerkenswerte, renovierte Finca mit Gäs
Nr.283 🔄 BILD KORRIGIERT | Traum Refugium inmitten von Weinfeldern 
Nr.291 🔄 BILD KORRIGIERT | Authentischer Luxus zwischen Reben und B
Nr.299 ✅ | Idyllisches Anwesen mit Panoramablick (W
Nr.307 ✅ | Finca mit Ferienvermietungslizenz in Inc
Nr.315 ✅ | Incredible seafront finca with boathouse
Nr.323 🔄 BILD KORRIGIERT | Imposantes Villen-Anwesen in bester Lage
Nr.331 ❓ kein Bild | Mediterrane Eleganz: Großzügiges Landhau

Batch 2: ✅9 🔄19 ❌0 von 42
