Nr.  1 ❓ kein Bild | Establiments — Das Volumen; 762m² zum Um
Nr.  9 ❌ DELISTED 410 | Sencelles — 13 Hektar Paradies; dein eig
Nr. 17 ✅ | Authentische mallorquinische Possessió m
Nr. 25 ❓ kein Bild | Weitläufiges Finca-Anwesen in Selva mit 
Nr. 33 ❓ kein Bild | Historisches großes Landgut in malerisch
Nr. 41 ✅ | Historisches Herrenhaus in erstklassigem
Nr. 49 ✅ | Lavish country estate for sale in the be
Nr. 57 🔄 BILD KORRIGIERT | Feng-Shui-Meisterwerk: Exquisites Refugi
Nr. 65 ✅ | State-of-the-art finca for sale in Puigp
Nr. 73 ❓ kein Bild | Finca Hotel aus dem XVII. Jahrhundert in
Nr. 81 ❓ kein Bild | Ausgezeichnete Finca mit Panoramablick u
Nr. 89 🔄 BILD KORRIGIERT | Autarke Finca mit Weinberg in Santa Mari
Nr. 97 🔄 BILD KORRIGIERT | Luxuriöses privates Bergparadies mit ate
Nr.105 ❓ kein Bild | Mallorquinisches Anwesen in Lloret de Vi
Nr.113 🔄 BILD KORRIGIERT | Bright, newly built finca for sale in pe
Nr.121 🔄 BILD KORRIGIERT | Premium-Immobilie mit Top Ausblick in Be
Nr.129 ❓ kein Bild | Fantastisches Finca-Projekt in Strandnäh
Nr.137 ❓ kein Bild | Mediterrane Neubaufinca mit Gästehaus, P
Nr.145 ✅ | Exklusive Luxusfinca in Sineu mit Nebeng
Nr.153 🔄 BILD KORRIGIERT | Großes Landhaus mit Pool, separatem Nebe
Nr.161 ✅ | Country house with holiday rental licens
Nr.169 🔄 BILD KORRIGIERT | Design-Landhaus mit herrlichem Blick in 
Nr.177 🔄 BILD KORRIGIERT | Ein architektonisches Juwel für Weinlieb
Nr.201 ❓ kein Bild | Vollständig renovierte Luxus-Finca am Ra
Nr.209 🔗 kein URL
Nr.217 ✅ | New luxury finca with panoramic views fo
Nr.225 ❓ kein Bild | Fantastisches Anwesen mit Gästehaus - Ih
Nr.233 🔄 BILD KORRIGIERT | Anwesen mit Meerblick und Gästeapartment
Nr.241 ❓ kein Bild | Anwesen mit eigenem Weinberg - Bezugsfer
Nr.249 🔄 BILD KORRIGIERT | Einzigartiges Luxus-Landhaus in Santa Ma
Nr.257 🔄 BILD KORRIGIERT | Immaculate finca with open views for sal
Nr.265 ❓ kein Bild | Country house in Binissalem, Mallorca
Nr.273 ❓ kein Bild | Villa Bunyola (Lizenz)
Nr.281 🔄 BILD KORRIGIERT | Luxus Neubaufinca mit Traumblick (W-02OT
Nr.289 ✅ | Autarke Natursteinfinca mit Weitblick (W
Nr.297 🔗 kein URL
Nr.305 ✅ | Ein Oase der Weite und des Lichts in San
Nr.313 ✅ | Hochwertiges Landhaus in exklusiver Lage
Nr.321 🔄 BILD KORRIGIERT | State of the Art - Design trifft Meerbli

Batch 0: ✅10 🔄13 ❌1 von 42
