Prüfe 332 Einträge...

Nr.  1 ❓ kein Bild auf Seite | Establiments — Das Volumen; 762m² zum Um
Nr.  2 🔄 Bild korrigiert | Binissalem — Platz für alle; 8 Zimmer, e
Nr.  3 ❓ kein Bild auf Seite | Establiments — Charme-Refugium; altes St
Nr.  4 ❓ kein Bild auf Seite | Palmanyola — Klein aber Wow; Designvilla
Nr.  5 ❓ kein Bild auf Seite | Santa Maria — Potenzial pur; Rohling in 
Nr.  6 ❓ kein Bild auf Seite | Campos — Zum Selbermachen; ehrliche Finc
Nr.  7 ❓ kein Bild auf Seite | Sa Ràpita — Strandgold; aufwachen, Es Tr
Nr.  8 ❓ kein Bild auf Seite | Sa Ràpita — Vision 1800; 5 Hektar warten
Nr. 10 🔄 Bild korrigiert | Ses Salines — Neubau Deluxe; einziehen u
Nr. 11 🔄 Bild korrigiert | Moscari — Architekten-Traum; Design trif
Nr. 12 🔄 Bild korrigiert | Campos — Finca mit Lizenz; 14 Hektar mal
Nr. 13 ❓ kein Bild auf Seite | Bunyola — Berglage mit Lizenz; Tramuntan
Nr. 15 🔄 Bild korrigiert | Enormous luxury leisure development for 
Nr. 17 🔄 Bild korrigiert | Authentische mallorquinische Possessió m
Nr. 18 🔄 Bild korrigiert | Authentisches mallorquinisches Anwesen i
Nr. 19 🔄 Bild korrigiert | Mallorquinisches Landhotel mit Agrarwirt
Nr. 20 🔄 Bild korrigiert | Charmantes Agroturismus Landgut bei Lluc
Nr. 21 ❓ kein Bild auf Seite | Beeindruckende Finca zwischen Campos und
Nr. 22 ❓ kein Bild auf Seite | Mallorquinisches Landgut mit einer eigen
Nr. 24 🔄 Bild korrigiert | Unique and authentic country estate for 
Nr. 25 ❓ kein Bild auf Seite | Weitläufiges Finca-Anwesen in Selva mit 
Nr. 27 🔄 Bild korrigiert | Grand manor house for sale, walking dist
Nr. 28 🔄 Bild korrigiert | Schönes Anwesen mit Hotellizenz zum Reno
Nr. 29 🔄 Bild korrigiert | Exklusives Anwesen mit eigener Kapelle, 
Nr. 31 ❓ kein Bild auf Seite | Stilvolles Herrenhaus inmitten unberührt
Nr. 33 🔄 Bild korrigiert | Historisches großes Landgut in malerisch
Nr. 34 🔄 Bild korrigiert | Authentisches Finca-Anwesen aus dem 17. 
Nr. 35 🔄 Bild korrigiert | Landgut zur Renovierung in Inca (W-02LZ0
Nr. 36 🔄 Bild korrigiert | Herrschaftliches Haus in Binissalem mit 
Nr. 38 ❓ kein Bild auf Seite | Historisches Landgut mit einer bebauten 
Nr. 40 🔄 Bild korrigiert | Mediterranes Landhotel in Llucmajor (W-0
Nr. 41 🔄 Bild korrigiert | Historisches Herrenhaus in erstklassigem
Nr. 42 ❓ kein Bild auf Seite | Sagenhafter Landsitz aus dem 16. Jahrhun
Nr. 43 ❓ kein Bild auf Seite | Historischer Landsitz mit alter Ölmühle,
Nr. 45 ❓ kein Bild auf Seite | Einzigartige Familienresidenz mit Charme
Nr. 46 ❓ kein Bild auf Seite | VERKAUFT Son Alba im Puerto de Soller du
Nr. 48 ❓ kein Bild auf Seite | Unique Estate for Sale in Bunyola
Nr. 49 🔄 Bild korrigiert | Lavish country estate for sale in the be
Nr. 50 🔄 Bild korrigiert | Fabulous country home for sale in a pict
Nr. 51 🔄 Bild korrigiert | Herrenhaus aus dem 13 Jahrhundert (W-02M
Nr. 52 ❓ kein Bild auf Seite | Historischer Landsitz in bester Lage von
Nr. 54 ❓ kein Bild auf Seite | Historisches mallorquinisches Anwesen in
Nr. 55 ❓ kein Bild auf Seite | Country house in Andratx, Mallorca
