Nr.  7 ❓ kein Bild | Sa Ràpita — Strandgold; aufwachen, Es Tr
Nr. 15 ✅ | Enormous luxury leisure development for 
Nr. 23 ✅ | Wonderful country property for sale on a
Nr. 31 🔄 BILD KORRIGIERT | Stilvolles Herrenhaus inmitten unberührt
Nr. 55 ❓ kein Bild | Country house in Andratx, Mallorca
Nr. 63 ✅ | Erstklassiges Grundstück mit genehmigten
Nr. 79 ✅ | State-of-the-art finca with panoramic vi
Nr. 87 🔄 BILD KORRIGIERT | Exklusives Landgut mit Olivenhain, eigen
Nr. 95 🔄 BILD KORRIGIERT | Spektakuläre Neubaufinca in Llucmajor (W
Nr.103 ❓ kein Bild | Exklusives Landhaus in Alaró: Traumvilla
Nr.111 ✅ | Ebenerdige Neubaufinca vor den Toren Cam
Nr.119 🔄 BILD KORRIGIERT | Luxuriöses Landhaus mit großzügigem Auße
Nr.127 🔄 BILD KORRIGIERT | Luxury hillside villa for sale in the co
Nr.135 🔄 BILD KORRIGIERT | Eco friendly private villa with holiday 
Nr.143 🔄 BILD KORRIGIERT | Country property with holiday rental lic
Nr.151 ✅ | Moderne Neubau Finca mit Pool in Llucmaj
Nr.159 ❓ kein Bild | Komplett renoviertes, historisches Finca
Nr.167 🔄 BILD KORRIGIERT | Landhaus mit Ferienvermietlizenz in Bini
Nr.175 🔄 BILD KORRIGIERT | Wunderschöne Villa mit fantastischem Bli
Nr.183 ✅ | Einzigartige und exklusive Finca in Lluc
Nr.191 🔄 BILD KORRIGIERT | Neubau-Finca mit sechs Schlafzimmern und
Nr.199 ❓ kein Bild | Große, komplett renovierte, lichtdurchfl
Nr.207 🔄 BILD KORRIGIERT | Modernes Landhaus mit mediterranem Flair
Nr.215 🔄 BILD KORRIGIERT | Charmante Finca mit Pool (W-02N9E4)
Nr.223 🔄 BILD KORRIGIERT | Authentisches mediterranes Landhaus mit 
Nr.231 ❓ kein Bild | Prächtiges Landhaus mit Gästehaus und Be
Nr.239 🔄 BILD KORRIGIERT | Hochqualitatives Anwesen mit Ferienvermi
Nr.247 🔄 BILD KORRIGIERT | Modernes Neubau-Landhaus mit Weinberg (W
Nr.255 🔄 BILD KORRIGIERT | Autarke mediterrane Residenz in Bestlage
Nr.263 🔄 BILD KORRIGIERT | State of the art – Natursteinfinca mit W
Nr.271 ✅ | Exklusive Finca für höchste Ansprüche (W
Nr.279 ❓ kein Bild | Gästehaus Establiments
Nr.287 🔄 BILD KORRIGIERT | Luxury estate with panoramic views and a
Nr.295 🔄 BILD KORRIGIERT | Exclusive new estate with guest house fo
Nr.303 ❓ kein Bild | Country house in Santa Maria Del Cami, M
Nr.311 ❓ kein Bild | Charming Finca for Sale in Portol
Nr.319 ✅ | Hochwertige Villa in Bestlage Puntiros (
Nr.327 🔄 BILD KORRIGIERT | Purer Luxus mit unvergleichbarem Weitbli

Batch 6: ✅9 🔄20 ❌0 von 41
