Nr.  4 ❓ kein Bild | Palmanyola — Klein aber Wow; Designvilla
Nr. 12 🔄 BILD KORRIGIERT | Campos — Finca mit Lizenz; 14 Hektar mal
Nr. 20 ❓ kein Bild | Charmantes Agroturismus Landgut bei Lluc
Nr. 28 ❓ kein Bild | Schönes Anwesen mit Hotellizenz zum Reno
Nr. 36 ✅ | Herrschaftliches Haus in Binissalem mit 
Nr. 44 ✅ | Exceptional Private Estate for sale in L
Nr. 52 🔄 BILD KORRIGIERT | Historischer Landsitz in bester Lage von
Nr. 60 ✅ | Semi-detached country house for sale in 
Nr. 68 🔄 BILD KORRIGIERT | Tradition und Moderne auf diesem histori
Nr. 76 🔄 BILD KORRIGIERT | Magnificent country house with 2 pools a
Nr. 84 🔄 BILD KORRIGIERT | Schöne rustikale Finca zu verkaufen mitt
Nr. 92 🔄 BILD KORRIGIERT | Hillside finca on a large plot with gues
Nr.100 ❓ kein Bild | Historisches Landhaus mit Pool und 2 Gäs
Nr.108 ❓ kein Bild | Zauberhafte Natursteinfinca mit idyllisc
Nr.116 ❓ kein Bild | Traumfinca mit Parkgarten und Gästehaus 
Nr.124 🔄 BILD KORRIGIERT | Luxuriöses Neubaulandhaus in privilegier
Nr.132 ✅ | Impressive country estate with vineyard 
Nr.140 🔄 BILD KORRIGIERT | Traumhaftes Landhaus zwischen Alaró und 
Nr.148 ✅ | Exklusive Finca am Rande des Naturparks 
Nr.156 🔄 BILD KORRIGIERT | Beautiful finca with holiday license for
Nr.164 ✅ | Charming finca with complete privacy for
Nr.172 ❓ kein Bild | Aussergewöhnliches Anwesen mit traumhaft
Nr.180 ❓ kein Bild | Premium-Anwesen in Bestlage und herausra
Nr.188 🔄 BILD KORRIGIERT | Newly built finca with full privacy for 
Nr.196 🔄 BILD KORRIGIERT | Exklusives Fincaprojekt in bester Lage z
Nr.204 ✅ | Wo zeitgenössisches Design in perfekter 
Nr.212 🔄 BILD KORRIGIERT | Wunderschönes vollständig renoviertes La
Nr.220 ✅ | Atemberaubendes Landhaus mit ETV- Lizenz
Nr.228 🔄 BILD KORRIGIERT | Exklusiver mediterraner Rückzugsort mit 
Nr.236 ❓ kein Bild | Großzügiges Anwesen mit authentischem ma
Nr.244 ❓ kein Bild | Country house in Montuiri, Mallorca
Nr.260 🔄 BILD KORRIGIERT | Luxuriöses Neubau-Landhaus in Santa Mari
Nr.268 ❓ kein Bild | Exklusive Neubau-Finca im mediterranen S
Nr.276 ❓ kein Bild | Neubauprojekt bei Sencelles - Zeitlose A
Nr.284 🔄 BILD KORRIGIERT | Immaculate new villa with mountain views
Nr.292 ❓ kein Bild | Finca Campos (Lizenz)
Nr.300 🔗 kein URL
Nr.308 ❓ kein Bild | Mallorquinisches Landhaus mit Tramuntana
Nr.316 🔄 BILD KORRIGIERT | Eklektische Villa mit außergewöhnlichem 
Nr.324 ❓ kein Bild | Imposantes Anwesen mit Gästeapartment, a
Nr.332 ❓ kein Bild | Fantastische Neubau-Immobilie mit unverg

Batch 3: ✅8 🔄16 ❌0 von 42
