Zu fixen: 89 Objekte
Nr.21 ✅ 56KB (Living Blue Mallorca)
Nr.23 ✅ 368KB (Balearic Properties)
Nr.26 ✅ 704KB (Luxury Estates Mallorca)
Nr.29 ✅ 56KB (Living Blue Mallorca)
Nr.30 ✅ 812KB (Balearic Properties)
Nr.32 ✅ 259KB (Balearic Properties)
Nr.34 ✅ 56KB (Living Blue Mallorca)
Nr.35 ✅ 167KB (Engel & Völkers)
Nr.37 ✅ 225KB (Balearic Properties)
Nr.39 ✅ 579KB (Luxury Estates Mallorca)
Nr.42 ✅ 56KB (Living Blue Mallorca)
Nr.43 ✅ 56KB (Living Blue Mallorca)
Nr.47 ✅ 434KB (Luxury Estates Mallorca)
Nr.53 ✅ 392KB (Luxury Estates Mallorca)
Nr.55 ✅ 101KB (Kyero)
Nr.58 ✅ 249KB (Engel & Völkers)
Nr.63 ✅ 338KB (Engel & Völkers)
Nr.65 ✅ 384KB (Balearic Properties)
Nr.71 ✅ 347KB (Luxury Estates Mallorca)
Nr.74 ✅ 56KB (Living Blue Mallorca)
Nr.75 ✅ 172KB (Engel & Völkers)
Nr.79 ✅ 546KB (Balearic Properties)
Nr.82 ✅ 626KB (Balearic Properties)
Nr.84 ✅ 56KB (Living Blue Mallorca)
Nr.85 ✅ 313KB (Balearic Properties)
Nr.88 ✅ 183KB (Luxury Estates Mallorca)
Nr.94 ✅ 424KB (Luxury Estates Mallorca)
Nr.101 ✅ 324KB (Luxury Estates Mallorca)
Nr.104 ❌ Page.goto: Protocol error (Page.navigate): Cannot navigate t
Nr.109 ✅ 56KB (Living Blue Mallorca)
Nr.111 ✅ 246KB (Engel & Völkers)
Nr.115 ✅ 107KB (Engel & Völkers)
Nr.122 ✅ 63KB (Engel & Völkers)
Nr.126 ✅ 431KB (Luxury Estates Mallorca)
Nr.130 ✅ 158KB (Balearic Properties)
Nr.137 ✅ 56KB (Living Blue Mallorca)
Nr.138 ✅ 290KB (Balearic Properties)
Nr.141 ✅ 56KB (Living Blue Mallorca)
Nr.145 ✅ 131KB (Engel & Völkers)
Nr.151 ✅ 95KB (Engel & Völkers)
Nr.154 ✅ 202KB (Engel & Völkers)
Nr.158 ✅ 56KB (Living Blue Mallorca)
Nr.159 ✅ 56KB (Living Blue Mallorca)
Nr.160 ✅ 56KB (Living Blue Mallorca)
Nr.161 ✅ 611KB (Balearic Properties)
Nr.163 ✅ 56KB (Living Blue Mallorca)
Nr.172 ✅ 56KB (Living Blue Mallorca)
Nr.174 ✅ 244KB (Engel & Völkers)
Nr.181 ✅ 381KB (Balearic Properties)
Nr.193 ✅ 392KB (Luxury Estates Mallorca)
Nr.195 ✅ 318KB (Luxury Estates Mallorca)
Nr.197 ✅ 56KB (Living Blue Mallorca)
Nr.199 ✅ 56KB (Living Blue Mallorca)
Nr.200 ✅ 56KB (Living Blue Mallorca)
Nr.201 ✅ 56KB (Living Blue Mallorca)
Nr.202 ✅ 56KB (Living Blue Mallorca)
Nr.208 ✅ 140KB (Engel & Völkers)
Nr.210 ❌ 200/2503b
Nr.220 ✅ 134KB (Engel & Völkers)
Nr.222 ✅ 215KB (Engel & Völkers)
Nr.226 ✅ 333KB (Engel & Völkers)
Nr.231 ✅ 56KB (Living Blue Mallorca)
Nr.232 ✅ 617KB (Balearic Properties)
Nr.238 ✅ 149KB (Engel & Völkers)
Nr.242 ✅ 330KB (Engel & Völkers)
Nr.263 ✅ 124KB (Engel & Völkers)
Nr.269 ✅ 56KB (Living Blue Mallorca)
Nr.270 ✅ 56KB (Living Blue Mallorca)
Nr.271 ✅ 142KB (Engel & Völkers)
Nr.276 ✅ 56KB (Living Blue Mallorca)
Nr.277 ✅ 56KB (Living Blue Mallorca)
Nr.278 ✅ 56KB (Living Blue Mallorca)
Nr.279 ❌ Page.goto: Protocol error (Page.navigate): Cannot navigate t
Nr.289 ✅ 272KB (Engel & Völkers)
Nr.293 ✅ 970KB (Kyero)
Nr.297 ✅ 56KB (Living Blue Mallorca)
Nr.298 ✅ 56KB (Living Blue Mallorca)
Nr.299 ✅ 166KB (Engel & Völkers)
Nr.302 ✅ 200KB (Engel & Völkers)
Nr.305 ✅ 308KB (Engel & Völkers)
Nr.307 ✅ 217KB (Engel & Völkers)
Nr.309 ✅ 56KB (Living Blue Mallorca)
Nr.310 ✅ 396KB (Luxury Estates Mallorca)
Nr.313 ✅ 100KB (Engel & Völkers)
Nr.325 ✅ 56KB (Living Blue Mallorca)
Nr.326 ✅ 78KB (Engel & Völkers)
Nr.329 ✅ 438KB (Luxury Estates Mallorca)
Nr.332 ✅ 56KB (Living Blue Mallorca)

Noch Duplikate: 35
