Suche für 30 Objekte: [20, 21, 33, 38, 41, 43, 54, 93, 103, 125, 128, 136, 141, 157, 171, 173, 179, 180, 194, 196, 199, 200, 209, 230, 237, 241, 274, 300, 301, 328]

Nr.20: 'Charmantes Agroturismus Landgut bei Llucmayor' → Suche: 'Charmantes Agroturismus Landgut Llucmayor'
  Treffer: 36
  ❌ Nicht gefunden — wahrscheinlich delisted

Nr.21: 'Beeindruckende Finca zwischen Campos und Felanitx' → Suche: 'Beeindruckende Campos Felanitx'
  Treffer: 36
  ✅ score=2.09 | Campos
     → sa-rapita-ruhe-natur-und-meer-in-unmittelbarer-nahe/25276787

Nr.33: 'Historisches großes Landgut in malerischer Lage nu' → Suche: 'Historisches großes Landgut malerischer'
  Treffer: 36
  ❌ Nicht gefunden — wahrscheinlich delisted

Nr.38: 'Historisches Landgut mit einer bebauten Fläche von' → Suche: 'Historisches Landgut bebauten Fläche'
  Treffer: 36
  ❌ Nicht gefunden — wahrscheinlich delisted

Nr.41: 'Historisches Herrenhaus in erstklassigem Zustand u' → Suche: 'Historisches Herrenhaus erstklassigem Zustand'
  Treffer: 36
  ❌ Nicht gefunden — wahrscheinlich delisted

Nr.43: 'Historischer Landsitz mit alter Ölmühle, Weinkelle' → Suche: 'Historischer Landsitz Ölmühle Weinkeller'
  Treffer: 36
  ❌ Nicht gefunden — wahrscheinlich delisted

Nr.54: 'Historisches mallorquinisches Anwesen in bester La' → Suche: 'Historisches mallorquinisches bester Establiments'
  Treffer: 36
  ❌ Nicht gefunden — wahrscheinlich delisted

Nr.93: 'Finca in Andratx - Autarkes Wohnen in Naturparadie' → Suche: 'Andratx Autarkes Wohnen Naturparadies'
  Treffer: 36
  ❌ Nicht gefunden — wahrscheinlich delisted

Nr.103: 'Exklusives Landhaus in Alaró: Traumvilla mit Gäste' → Suche: 'Exklusives Landhaus Traumvilla Gästehaus'
  Treffer: 36
  ❌ Nicht gefunden — wahrscheinlich delisted

Nr.125: 'Elegante Naturstein-Finca in erhöhter Lage und bes' → Suche: 'Elegante Naturstein erhöhter bester'
  Treffer: 36
  ❌ Nicht gefunden — wahrscheinlich delisted

Nr.128: 'Perfekte Harmonie: Traumhaftes Landhaus am Fuße de' → Suche: 'Perfekte Harmonie Traumhaftes Landhaus'
  Treffer: 36
  ❌ Nicht gefunden — wahrscheinlich delisted

Nr.136: 'Erstklassige Neubau-Finca mit atemberaubendem Blic' → Suche: 'Erstklassige Neubau atemberaubendem bezugsfertig'
  Treffer: 36
  ❌ Nicht gefunden — wahrscheinlich delisted

Nr.141: 'Repräsentatives Landhaus zwischen Santa Maria del ' → Suche: 'Repräsentatives Landhaus Bunyola'
  Treffer: 36
  ❌ Nicht gefunden — wahrscheinlich delisted

Nr.157: 'Spektakulärer Landsitz mit unvergleichlich schönem' → Suche: 'Spektakulärer Landsitz unvergleichlich schönem'
  Treffer: 36
  ❌ Nicht gefunden — wahrscheinlich delisted

Nr.171: 'Finca-Neubaupojekt in der Nähe von Palma und Santa' → Suche: 'Neubaupojekt'
  Treffer: 36
  ❌ Nicht gefunden — wahrscheinlich delisted

Nr.173: 'Einzigartiges Projekt in Bestlage zwischen Santa M' → Suche: 'Einzigartiges Projekt Bestlage Bunyola'
  Treffer: 36
  ❌ Nicht gefunden — wahrscheinlich delisted

Nr.179: 'Einzigartiges Anwesen in Selva: Ihr exklusives Zuh' → Suche: 'Einzigartiges exklusives Zuhause inmitten'
  Treffer: 36
  ❌ Nicht gefunden — wahrscheinlich delisted

Nr.180: 'Premium-Anwesen in Bestlage und herausragendem Aus' → Suche: 'Premium Bestlage herausragendem Ausblick'
  Treffer: 36
  ❌ Nicht gefunden — wahrscheinlich delisted

Nr.194: 'Stylische Finca zum Erstbezug in Lauflage zum Ort ' → Suche: 'Stylische Erstbezug Lauflage Bergblick'
  Treffer: 36
  ❌ Nicht gefunden — wahrscheinlich delisted

Nr.196: 'Exklusives Fincaprojekt in bester Lage zwischen Ca' → Suche: 'Exklusives Fincaprojekt bester Concos'
  Treffer: 36
  ❌ Nicht gefunden — wahrscheinlich delisted

Nr.199: 'Große, komplett renovierte, lichtdurchflutete Finc' → Suche: 'komplett renovierte lichtdurchflutete Pferdestall'
  Treffer: 36
  ❌ Nicht gefunden — wahrscheinlich delisted

Nr.200: 'Design-Finca in der besten Lage von Santa Maria' → Suche: 'Design besten'
  Treffer: 36
  ❌ Nicht gefunden — wahrscheinlich delisted

Nr.209: 'Autarke Finca mit exklusivem Design, ausgerichtet ' → Suche: 'Autarke exklusivem Design ausgerichtet'
  Treffer: 36
  ❌ Nicht gefunden — wahrscheinlich delisted

Nr.230: 'Außergewöhnliches Anwesen mit Gästeapartment, Saun' → Suche: 'Außergewöhnliches Gästeapartment Garten beheiztem'
  Treffer: 36
  ❌ Nicht gefunden — wahrscheinlich delisted

Nr.237: 'Landhaus mit fantastischer Aussicht und nachhaltig' → Suche: 'Landhaus fantastischer Aussicht nachhaltigem'
  Treffer: 36
  ❌ Nicht gefunden — wahrscheinlich delisted

Nr.241: 'Anwesen mit eigenem Weinberg - Bezugsfertig!' → Suche: 'eigenem Weinberg Bezugsfertig'
  Treffer: 36
  ❌ Nicht gefunden — wahrscheinlich delisted

Nr.274: 'Landhaus in bester Lage in Cala Llombards - Fertig' → Suche: 'Landhaus bester Llombards Fertigstellung'
  Treffer: 36
  ❌ Nicht gefunden — wahrscheinlich delisted

Nr.300: 'Stilvolles Landhaus in bester Lage bei Ses Salines' → Suche: 'Stilvolles Landhaus bester Salines'
  Treffer: 36
  ❌ Nicht gefunden — wahrscheinlich delisted

Nr.301: 'Schönes Landhaus mit Pool, drei Gästehäusern sowie' → Suche: 'Schönes Landhaus Gästehäusern Tennis'
  Treffer: 36
  ❌ Nicht gefunden — wahrscheinlich delisted

Nr.328: 'Investitionsmöglichkeit mit Hotellizenz und neuem ' → Suche: 'Investitionsmöglichkeit Hotellizenz Projekt Seniorenresid'
  Treffer: 36
  ❌ Nicht gefunden — wahrscheinlich delisted

✅ Gefunden: 1/30
❌ Delisted/Error: 29
