Schritt 1: Browser-Session holen...
  API gefangen: ...zon=&gather_attributes=1&dsrt=1&thumbnailsize=12&lng=de-de&oar=1&_=1772658509661

Schritt 2: Alle Objekte laden...
  srt=25: 250 props, 250 neu → gesamt 250
  srt=1: 250 props, 154 neu → gesamt 404
  srt=2: 250 props, 118 neu → gesamt 522
  srt=3: 250 props, 165 neu → gesamt 687
  srt=4: 250 props, 84 neu → gesamt 771
  srt=5: 250 props, 4 neu → gesamt 775
  srt=6: 250 props, 35 neu → gesamt 810
  srt=7: 250 props, 64 neu → gesamt 874

Gesamt unique Objekte: 874

Schritt 3: Bilder laden...
  50/874 Bilder...
  100/874 Bilder...
  150/874 Bilder...
  200/874 Bilder...
  250/874 Bilder...
  300/874 Bilder...
  350/874 Bilder...
  400/874 Bilder...
  450/874 Bilder...
  500/874 Bilder...
  550/874 Bilder...
  600/874 Bilder...
  650/874 Bilder...
  700/874 Bilder...
  750/874 Bilder...
  800/874 Bilder...
  850/874 Bilder...
  ✅ 873/874 Bilder geladen
  lb_complete.json: 874 Objekte

Schritt 4: Kandidaten matchen...
  ✅ High-confidence (≥4): 106
  ⚠️  Mid-confidence (3–4): 7
  ❌ Low-confidence (<3, delisted?): 0

Schritt 5: Excel + Bilder aktualisieren...
  Excel gespeichert
  mallorca.html aktualisiert

╔══════════════════════════════════════════════════════╗
║  LivingBlue Rebuild FERTIG                           ║
╠══════════════════════════════════════════════════════╣
║  DB:       874 Objekte in lb_complete.json         ║
║  Bilder:   873 in lb_bilder/                       ║
║  Matches:  106 high /    7 mid /    0 delisted           ║
╚══════════════════════════════════════════════════════╝

