Starte für 68 Objekte
Nr.20 ✅ 197KB | alzwasserpool-und-bergblick-in-selva/25303028
Nr.21 ✅ 255KB | nberg-zwischen-felanitx-und-porreres/25241444
Nr.22 ✅ 563KB | -nebengebauden-mit-schonem-meerblick/19618507
Nr.28 ✅ 76KB | tellizenz-zum-renovieren-in-campanet/17832937
Nr.29 ✅ 268KB | golf-son-gual-am-stadtrand-von-palma/19420852
Nr.31 ✅ 380KB | ruhrter-natur-in-son-llobera-escorca/17829631
Nr.33 ✅ 56KB | natur-und-meer-in-unmittelbarer-nahe/25276787
Nr.36 ✅ 195KB | mbad-garage-und-aufzug-einzugsbereit/25194006
Nr.38 ✅ 47KB | dstuck-zwischen-campos-und-llucmajor/23101736
Nr.41 ✅ 215KB | hhaltigkeit-und-privatsphare-vereint/25262150
Nr.42 ✅ 548KB | ndert-in-valldemossa-mit-pool-lizenz/23601870
Nr.43 ✅ 197KB | alzwasserpool-und-bergblick-in-selva/25303028
Nr.45 ✅ 129KB | alzwasserpool-und-bergblick-in-selva/25303028
Nr.52 ✅ 146KB | -spektakularem-meerblick-in-esporles/17830738
Nr.62 ✅ 255KB | nberg-zwischen-felanitx-und-porreres/25241444
Nr.81 ✅ 255KB | nberg-zwischen-felanitx-und-porreres/25241444
Nr.84 ✅ 56KB | natur-und-meer-in-unmittelbarer-nahe/25276787
Nr.86 ✅ 255KB | nberg-zwischen-felanitx-und-porreres/25241444
Nr.100 ⚠️ Platzhalter-Bild
Nr.108 ✅ 129KB | alzwasserpool-und-bergblick-in-selva/25303028
Nr.109 ✅ 56KB | natur-und-meer-in-unmittelbarer-nahe/25276787
Nr.114 ✅ 93KB | nberg-zwischen-felanitx-und-porreres/25241444
Nr.116 ✅ 93KB | nberg-zwischen-felanitx-und-porreres/25241444
Nr.128 ✅ 93KB | nberg-zwischen-felanitx-und-porreres/25241444
Nr.129 ✅ 248KB | meerblick-in-sa-rapita-einzugsbereit/20648502
Nr.136 ✅ 195KB | mbad-garage-und-aufzug-einzugsbereit/25194006
Nr.137 ✅ 188KB | tblick-stilvolle-ruheoase-bei-campos/23625863
Nr.139 ✅ 204KB | und-eigenem-tennisplatz-bei-porreres/19846455
Nr.141 ✅ 255KB | nberg-zwischen-felanitx-und-porreres/25241444
Nr.144 ✅ 199KB | ahe-dem-strand-es-trenc-bezugsbereit/21472121
Nr.149 ✅ 123KB | mbad-garage-und-aufzug-einzugsbereit/25194006
Nr.158 ✅ 195KB | mbad-garage-und-aufzug-einzugsbereit/25194006
Nr.159 ✅ 215KB | in-bestlage-von-santa-maria-del-cami/17832843
Nr.160 ✅ 215KB | hhaltigkeit-und-privatsphare-vereint/25262150
Nr.162 ✅ 93KB | nberg-zwischen-felanitx-und-porreres/25241444
Nr.163 ✅ 255KB | nberg-zwischen-felanitx-und-porreres/25241444
Nr.171 ✅ 235KB | ta-maria-kurz-vor-der-fertigstellung/19508166
Nr.180 ✅ 314KB | t-top-ausblick-in-bestlage-von-alaro/17830364
Nr.197 ✅ 137KB | -jahrhundert-in-santa-maria-del-cami/23195155
Nr.198 ✅ 255KB | nberg-zwischen-felanitx-und-porreres/25241444
Nr.199 ✅ 255KB | nberg-zwischen-felanitx-und-porreres/25241444
Nr.200 ✅ 159KB | -in-begehrter-gegend-von-santa-maria/23005845
Nr.201 ✅ 281KB | te-luxus-finca-am-rande-von-montuiri/20493819
Nr.202 ✅ 197KB | alzwasserpool-und-bergblick-in-selva/25303028
Nr.209 ✅ 204KB | izbarem-pool-und-gastehaus-in-portol/23910070
Nr.219 ✅ 129KB | alzwasserpool-und-bergblick-in-selva/25303028
Nr.221 ✅ 357KB | oes-anwesen-mit-wunderbarem-ausblick/20057532
Nr.225 ✅ 376KB | r-privater-ruckzugsort-auf-llucmajor/24960469
Nr.231 ✅ 197KB | alzwasserpool-und-bergblick-in-selva/25303028
Nr.241 ✅ 255KB | nberg-zwischen-felanitx-und-porreres/25241444
Nr.262 ✅ 93KB | nberg-zwischen-felanitx-und-porreres/25241444
Nr.267 ✅ 270KB | s-stadthaus-mit-swimmingpool-in-muro/25299375
Nr.268 ✅ 93KB | nberg-zwischen-felanitx-und-porreres/25241444
Nr.270 ✅ 215KB | hhaltigkeit-und-privatsphare-vereint/25262150
Nr.276 ✅ 129KB | alzwasserpool-und-bergblick-in-selva/25303028
Nr.277 ✅ 118KB | s-stadthaus-mit-swimmingpool-in-muro/25299375
Nr.278 ✅ 93KB | nberg-zwischen-felanitx-und-porreres/25241444
Nr.288 ⚠️ Platzhalter-Bild
Nr.297 ✅ 239KB | der-natur-zwischen-llubi-und-costitx/21145318
Nr.300 ✅ 482KB | it-zwei-charmanten-hauschen-in-selva/24014693
Nr.306 ⚠️ Platzhalter-Bild
Nr.309 ✅ 270KB | s-stadthaus-mit-swimmingpool-in-muro/25299375
Nr.312 ✅ 129KB | alzwasserpool-und-bergblick-in-selva/25303028
Nr.318 ✅ 93KB | nberg-zwischen-felanitx-und-porreres/25241444
Nr.324 ✅ 107KB | ck-aufzug-und-grozugigem-wohnkomfort/25271224
Nr.325 ⚠️ Platzhalter-Bild
Nr.328 ❌ keine Karten (Investitionsmöglichkeit Hotellizenz neuem Projekt)
Nr.332 ✅ 195KB | mbad-garage-und-aufzug-einzugsbereit/25194006

✅ Gefixt: 63/68
❌ Fehlgeschlagen: 5: [100, 288, 306, 325, 328]
