Nr.  5 ❓ kein Bild | Santa Maria — Potenzial pur; Rohling in 
Nr. 13 ❓ kein Bild | Bunyola — Berglage mit Lizenz; Tramuntan
Nr. 21 ❓ kein Bild | Beeindruckende Finca zwischen Campos und
Nr. 29 ❓ kein Bild | Exklusives Anwesen mit eigener Kapelle, 
Nr. 37 ✅ | Enormous Mallorca country property with 
Nr. 45 🔄 BILD KORRIGIERT | Einzigartige Familienresidenz mit Charme
Nr. 61 ❓ kein Bild | Emblematisches Herrenhaus aus dem 18. Ja
Nr. 69 🔄 BILD KORRIGIERT | Traditional Mediterranean farmhouse retr
Nr. 77 🔄 BILD KORRIGIERT | Mallorquinische Finca mit Charakter, Pri
Nr. 85 ✅ | Country estate with vineyard for sale be
Nr. 93 🔄 BILD KORRIGIERT | Finca in Andratx - Autarkes Wohnen in Na
Nr.109 🔄 BILD KORRIGIERT | Großzügiges Herrenhaus zur renovierung m
Nr.117 ✅ | Finca mit anspruchsvollem Design, Bergbl
Nr.125 ❓ kein Bild | Elegante Naturstein-Finca in erhöhter La
Nr.133 🔄 BILD KORRIGIERT | Elegantly designed finca with guest hous
Nr.141 🔄 BILD KORRIGIERT | Repräsentatives Landhaus zwischen Santa 
Nr.149 🔄 BILD KORRIGIERT | Makelloses, brandneues Finca-Anwesen in 
Nr.157 🔄 BILD KORRIGIERT | Spektakulärer Landsitz mit unvergleichli
Nr.165 ❓ kein Bild | Designer House Ses Salines
Nr.173 🔄 BILD KORRIGIERT | Einzigartiges Projekt in Bestlage zwisch
Nr.181 ✅ | Newly built country estate for sale in S
Nr.189 🔄 BILD KORRIGIERT | Weitblick und Ruhe: Mediterrane Finca-Oa
Nr.197 ❓ kein Bild | Elegantes renoviertes mallorquinisches H
Nr.205 🔄 BILD KORRIGIERT | Ebenerdige Neubaufinca vor den Toren San
Nr.213 🔄 BILD KORRIGIERT | Luxurious country house for sale close t
Nr.221 ❓ kein Bild | Einmaliges Finca-Anwesen mit Gästeapartm
Nr.229 ❓ kein Bild | Modern Luxury Finca for Sale in Santa Ma
Nr.237 ❓ kein Bild | Landhaus mit fantastischer Aussicht und 
Nr.245 🔄 BILD KORRIGIERT | Unique finca for sale with vineyard in M
Nr.253 🔄 BILD KORRIGIERT | Authentische Natursteinfinca in der Nähe
Nr.261 🔄 BILD KORRIGIERT | Einzigartiges Landhaus in Alaró - Modern
Nr.269 🔄 BILD KORRIGIERT | Landhaus in Santa Maria mit spektakuläre
Nr.277 ❓ kein Bild | Eleganz und Natur pur - Modernes mallorq
Nr.285 🔄 BILD KORRIGIERT | Beeindruckendes Anwesen mit exzellenter 
Nr.293 ❓ kein Bild | Finca in Campos, Mallorca
Nr.301 🔗 kein URL
Nr.309 ❓ kein Bild | Vollständig renovierte Finca mit Pool, M
Nr.317 🔄 BILD KORRIGIERT | Private Finca in Lauflage zum Hafen (W-0
Nr.325 ❓ kein Bild | Luxuriöse Villa in Genova mit spektakulä

Batch 4: ✅4 🔄19 ❌0 von 41
