Nr.  2 ✅ | Binissalem — Platz für alle; 8 Zimmer, e
Nr. 10 🔄 BILD KORRIGIERT | Ses Salines — Neubau Deluxe; einziehen u
Nr. 18 ✅ | Authentisches mallorquinisches Anwesen i
Nr. 26 ✅ | HISTORIC FINCA WITH MODERN WINERY ON MAL
Nr. 34 ❓ kein Bild | Authentisches Finca-Anwesen aus dem 17. 
Nr. 42 🔄 BILD KORRIGIERT | Sagenhafter Landsitz aus dem 16. Jahrhun
Nr. 50 ✅ | Fabulous country home for sale in a pict
Nr. 58 ✅ | Ein neues exklusives Wohnerlebnis (W-02X
Nr. 66 🔄 BILD KORRIGIERT | HISTORIC COUNTRY ESTATE VINEYARD IN THE 
Nr. 74 ❓ kein Bild | Elegantes Anwesen in idyllischer Lage be
Nr. 82 ✅ | Historic country estate with incredible 
Nr. 90 🔄 BILD KORRIGIERT | Charming and spacious finca with privacy
Nr. 98 🔄 BILD KORRIGIERT | Luxusanwesen mit absoluter Privatsphäre 
Nr.106 ✅ | Mallorquinische Finca aus dem XIX Jahrhu
Nr.114 🔗 kein URL
Nr.122 ✅ | Moderne Neubau-Finca mit traumhaftem Bli
Nr.130 ✅ | Magnificent finca on extensive private p
Nr.138 ✅ | Country oasis with holiday rental licens
Nr.154 ✅ | Großzügige Neubaufinca vor den Toren Por
Nr.162 🔗 kein URL
Nr.170 🔄 BILD KORRIGIERT | Authentische Neubaufinca in Meeresnähe u
Nr.178 ❓ kein Bild | Villa in Marratxinet (Marratxi), Mallorc
Nr.186 🔄 BILD KORRIGIERT | Wunderschönes modernes Landhaus in Santa
Nr.194 ❓ kein Bild | Stylische Finca zum Erstbezug in Lauflag
Nr.202 ❓ kein Bild | Atemberaubendes, komplett renoviertes He
Nr.218 🔄 BILD KORRIGIERT | Schöne Neubaufinca mit mediterranem Char
Nr.226 ✅ | Einzigartige Immobilie mit herrlichem Au
Nr.234 🔄 BILD KORRIGIERT | Country estate with guest cottage for sa
Nr.242 ✅ | Charmante Finca im Cortijo-Stil in Es Ca
Nr.250 🔄 BILD KORRIGIERT | Majestic country home with sea views for
Nr.258 🔄 BILD KORRIGIERT | Eine Oase der Ruhe in der Nähe von Palma
Nr.266 ❓ kein Bild | Top Renovated Finca with 2 Guest Houses 
Nr.274 🔄 BILD KORRIGIERT | Landhaus in bester Lage in Cala Llombard
Nr.282 🔄 BILD KORRIGIERT | Brand new finca with sea views in Cala L
Nr.290 🔄 BILD KORRIGIERT | Authentischer Luxus zwischen Reben und B
Nr.298 ❓ kein Bild | Brandneues modernes Landhaus zum Erstbez
Nr.306 ❓ kein Bild | Großes Anwesen mit zwei Wohnhäusern, Fer
Nr.314 ❓ kein Bild | EV Exposé Binissalem
Nr.322 🔄 BILD KORRIGIERT | State-of-the-art villa for sale in pictu
Nr.330 🔄 BILD KORRIGIERT | Impressive 19th century mansion with cou

Batch 1: ✅13 🔄16 ❌0 von 42
