Nr.  6 ❓ kein Bild | Campos — Zum Selbermachen; ehrliche Finc
Nr. 14 ✅ | Magnificent country estate with sea view
Nr. 22 ❓ kein Bild | Mallorquinisches Landgut mit einer eigen
Nr. 30 ✅ | Magnificent country estate for sale on a
Nr. 38 🔄 BILD KORRIGIERT | Historisches Landgut mit einer bebauten 
Nr. 46 🔄 BILD KORRIGIERT | VERKAUFT Son Alba im Puerto de Soller du
Nr. 54 🔄 BILD KORRIGIERT | Historisches mallorquinisches Anwesen in
Nr. 62 ❓ kein Bild | Beeindruckendes Herrenhaus mit Pool und 
Nr. 70 ❓ kein Bild | Alte Natursteinfinca inmitten der Natur 
Nr. 78 ❓ kein Bild | Außergewöhnliches mallorquinisches Anwes
Nr. 86 ❓ kein Bild | Exklusive Finca in Calvià mit Ferienverm
Nr.102 🔄 BILD KORRIGIERT | Modernes Landhaus: ein neuer Standard fü
Nr.110 ❓ kein Bild | Exklusives, neues Landhaus nahe dem schö
Nr.118 🔄 BILD KORRIGIERT | Eleganter Rückzugsort auf dem Land mit l
Nr.142 🔄 BILD KORRIGIERT | Ihr Privates Paradies: Wo zeitlose Elega
Nr.150 🔄 BILD KORRIGIERT | Exklusive Neubaufinca mit Swimmingpool &
Nr.158 🔄 BILD KORRIGIERT | Einzigartiges Finca-Anwesen mit Agroturi
Nr.166 ✅ | Elegante Finca im rustikalen Stil mit Pa
Nr.174 ✅ | Ein zeitgenössisches Projekt für einen R
Nr.182 ❌ DELISTED 404 | Country villa with holiday license for s
Nr.190 🔄 BILD KORRIGIERT | Two fincas with holiday rental licence i
Nr.198 ❓ kein Bild | Spekatakuläres Finca Anwesen mit zwei Hä
Nr.206 🔄 BILD KORRIGIERT | Finca under construction with panoramic 
Nr.214 🔄 BILD KORRIGIERT | Luxurious country house for sale close t
Nr.222 🔄 BILD KORRIGIERT | Luxuriöse Finca mit beeindruckender Auss
Nr.230 ❓ kein Bild | Außergewöhnliches Anwesen mit Gästeapart
Nr.238 ✅ | Wunderschönes Landhaus bei Alaró (W-02T4
Nr.246 🔄 BILD KORRIGIERT | Modernes Neubau-Landhaus mit Weinberg (W
Nr.254 🔄 BILD KORRIGIERT | Schönes Landhaus mit eigener Weinprodukt
Nr.262 ❓ kein Bild | Landhaus mit Ferienvermietungs-Erlaubnis
Nr.270 ❓ kein Bild | Traumhaft gelegenes Landhaus in Bunyola 
Nr.278 🔗 kein URL
Nr.286 ✅ | Living Art: Ein harmonisches Zusammenspi
Nr.294 ✅ | Exclusive new estate project with guest 
Nr.302 ✅ | Luxus-Anwesen in Santa María: Ein Meiste
Nr.318 ❓ kein Bild | Großzügige Finca mit Panoramablick und z
Nr.326 ✅ | Exklusive Neubauvilla in hervorragender 

Batch 5: ✅9 🔄14 ❌1 von 41
